1: 0.0
2: 0.00099601593625498
3: 0.00099601593625498
4: 0.00199203187250996
5: 0.00199203187250996
6: 0.00398406374501992
7: 0.00597609561752988
8: 0.0069721115537848604
9: 0.00796812749003984
10: 0.00796812749003984
11: 0.00796812749003984
12: 0.00796812749003984
13: 0.00796812749003984
14: 0.0099601593625498
15: 0.010956175298804782
16: 0.01195219123505976
17: 0.012948207171314742
18: 0.012948207171314742
19: 0.014940239043824702
20: 0.014940239043824702
21: 0.014940239043824702
22: 0.01693227091633466
23: 0.017928286852589643
24: 0.018924302788844622
25: 0.022908366533864542
26: 0.02390438247011952
27: 0.025896414342629483
28: 0.026892430278884463
29: 0.02888446215139442
30: 0.03187250996015936
31: 0.03386454183266932
32: 0.036852589641434265
33: 0.036852589641434265
34: 0.03884462151394422
35: 0.04083665338645418
36: 0.04282868525896414
37: 0.045816733067729085
38: 0.046812749003984064
39: 0.05179282868525897
40: 0.05677290836653386
41: 0.06573705179282868
42: 0.07171314741035857
43: 0.08067729083665338
44: 0.08964143426294821
45: 0.09860557768924302
46: 0.11852589641434264
47: 0.13047808764940239
48: 0.1553784860557769
49: 0.2201195219123506
