1: 0.0
2: 0.0020408163265306124
3: 0.0020408163265306124
4: 0.0020408163265306124
5: 0.003061224489795918
6: 0.003061224489795918
7: 0.004081632653061225
8: 0.007142857142857143
9: 0.00816326530612245
10: 0.00816326530612245
11: 0.009183673469387756
12: 0.009183673469387756
13: 0.01020408163265306
14: 0.01020408163265306
15: 0.011224489795918367
16: 0.012244897959183673
17: 0.014285714285714285
18: 0.015306122448979591
19: 0.0163265306122449
20: 0.0163265306122449
21: 0.0163265306122449
22: 0.017346938775510204
23: 0.018367346938775512
24: 0.018367346938775512
25: 0.018367346938775512
26: 0.02040816326530612
27: 0.02040816326530612
28: 0.02142857142857143
29: 0.022448979591836733
30: 0.02346938775510204
31: 0.02346938775510204
32: 0.02346938775510204
33: 0.024489795918367346
34: 0.024489795918367346
35: 0.02857142857142857
36: 0.02959183673469388
37: 0.02959183673469388
38: 0.03163265306122449
39: 0.03163265306122449
40: 0.03163265306122449
41: 0.03469387755102041
42: 0.036734693877551024
43: 0.03775510204081633
44: 0.03979591836734694
45: 0.03979591836734694
46: 0.04081632653061224
47: 0.04183673469387755
48: 0.04387755102040816
49: 0.04795918367346939
